INFO: [VRFC 10-163] Analyzing VHDL file "C:/Users/This PC/vivado_projects/Nanoprocessor_Reprogrammable/Nanoprocessor_Reprogrammable.srcs/sources_1/imports/sources_1/imports/new/AddSub_4bit.vhd" into library xil_defaultlib
INFO: [VRFC 10-307] analyzing entity AddSub_4bit
INFO: [VRFC 10-163] Analyzing VHDL file "C:/Users/This PC/vivado_projects/Nanoprocessor_Reprogrammable/Nanoprocessor_Reprogrammable.srcs/sources_1/imports/sources_1/new/Decoder_2_to_4.vhd" into library xil_defaultlib
INFO: [VRFC 10-307] analyzing entity Decoder_2_to_4
INFO: [VRFC 10-163] Analyzing VHDL file "C:/Users/This PC/vivado_projects/Nanoprocessor_Reprogrammable/Nanoprocessor_Reprogrammable.srcs/sources_1/imports/sources_1/new/Decoder_3_to_8.vhd" into library xil_defaultlib
INFO: [VRFC 10-307] analyzing entity Decoder_3_to_8
INFO: [VRFC 10-163] Analyzing VHDL file "C:/Users/This PC/vivado_projects/Nanoprocessor_Reprogrammable/Nanoprocessor_Reprogrammable.srcs/sources_1/imports/sources_1/imports/new/IO_System.vhd" into library xil_defaultlib
INFO: [VRFC 10-307] analyzing entity IO_System
INFO: [VRFC 10-163] Analyzing VHDL file "C:/Users/This PC/vivado_projects/Nanoprocessor_Reprogrammable/Nanoprocessor_Reprogrammable.srcs/sources_1/imports/sources_1/new/Instruction_Decoder.vhd" into library xil_defaultlib
INFO: [VRFC 10-307] analyzing entity Instruction_Decoder
INFO: [VRFC 10-163] Analyzing VHDL file "C:/Users/This PC/vivado_projects/Nanoprocessor_Reprogrammable/Nanoprocessor_Reprogrammable.srcs/sources_1/imports/sources_1/new/MUX_2_to_1_4bit.vhd" into library xil_defaultlib
INFO: [VRFC 10-307] analyzing entity MUX_2_to_1_4bit
INFO: [VRFC 10-163] Analyzing VHDL file "C:/Users/This PC/vivado_projects/Nanoprocessor_Reprogrammable/Nanoprocessor_Reprogrammable.srcs/sources_1/imports/sources_1/new/MUX_8_to_1_12bit.vhd" into library xil_defaultlib
INFO: [VRFC 10-307] analyzing entity MUX_8_to_1_12bit
INFO: [VRFC 10-163] Analyzing VHDL file "C:/Users/This PC/vivado_projects/Nanoprocessor_Reprogrammable/Nanoprocessor_Reprogrammable.srcs/sources_1/imports/sources_1/new/MUX_8_to_1_4bit.vhd" into library xil_defaultlib
INFO: [VRFC 10-307] analyzing entity MUX_8_to_1_4bit
INFO: [VRFC 10-163] Analyzing VHDL file "C:/Users/This PC/vivado_projects/Nanoprocessor_Reprogrammable/Nanoprocessor_Reprogrammable.srcs/sources_1/imports/sources_1/new/Processor_4bit.vhd" into library xil_defaultlib
INFO: [VRFC 10-307] analyzing entity Processor_4bit
INFO: [VRFC 10-163] Analyzing VHDL file "C:/Users/This PC/vivado_projects/Nanoprocessor_Reprogrammable/Nanoprocessor_Reprogrammable.srcs/sources_1/imports/sources_1/new/Program_RAM.vhd" into library xil_defaultlib
INFO: [VRFC 10-307] analyzing entity Program_RAM
INFO: [VRFC 10-163] Analyzing VHDL file "C:/Users/This PC/vivado_projects/Nanoprocessor_Reprogrammable/Nanoprocessor_Reprogrammable.srcs/sources_1/imports/sources_1/imports/new/Program_counter.vhd" into library xil_defaultlib
INFO: [VRFC 10-307] analyzing entity Program_counter
INFO: [VRFC 10-163] Analyzing VHDL file "C:/Users/This PC/vivado_projects/Nanoprocessor_Reprogrammable/Nanoprocessor_Reprogrammable.srcs/sources_1/imports/sources_1/new/REG.vhd" into library xil_defaultlib
INFO: [VRFC 10-307] analyzing entity REG
INFO: [VRFC 10-163] Analyzing VHDL file "C:/Users/This PC/vivado_projects/Nanoprocessor_Reprogrammable/Nanoprocessor_Reprogrammable.srcs/sources_1/imports/sources_1/new/REG_12bit.vhd" into library xil_defaultlib
INFO: [VRFC 10-307] analyzing entity REG_12bit
INFO: [VRFC 10-163] Analyzing VHDL file "C:/Users/This PC/vivado_projects/Nanoprocessor_Reprogrammable/Nanoprocessor_Reprogrammable.srcs/sources_1/imports/sources_1/new/Register_Bank.vhd" into library xil_defaultlib
INFO: [VRFC 10-307] analyzing entity Register_Bank
INFO: [VRFC 10-163] Analyzing VHDL file "C:/Users/This PC/vivado_projects/Nanoprocessor_Reprogrammable/Nanoprocessor_Reprogrammable.srcs/sources_1/imports/sources_1/new/Slow_Clock.vhd" into library xil_defaultlib
INFO: [VRFC 10-307] analyzing entity Slow_Clock
INFO: [VRFC 10-163] Analyzing VHDL file "C:/Users/This PC/vivado_projects/Nanoprocessor_Reprogrammable/Nanoprocessor_Reprogrammable.srcs/sim_1/imports/sim_1/new/Processor_4bit_tb.vhd" into library xil_defaultlib
INFO: [VRFC 10-307] analyzing entity Processor_4bit_tb
